<?xml version="1.0" encoding="UTF-8"?>
<testsuite name="org.example.springboot.web.IndexControllerTest" tests="1" skipped="0" failures="0" errors="0" timestamp="2022-01-29T16:30:49" hostname="DESKTOP-NUDJFV1" time="0.315">
  <properties/>
  <testcase name="메인페이지_로딩()" classname="org.example.springboot.web.IndexControllerTest" time="0.315"/>
  <system-out><![CDATA[2022-01-30 01:30:45.812  INFO 12052 --- [    Test worker] .b.t.c.SpringBootTestContextBootstrapper : Neither @ContextConfiguration nor @ContextHierarchy found for test class [org.example.springboot.web.IndexControllerTest], using SpringBootContextLoader
2022-01-30 01:30:45.815  INFO 12052 --- [    Test worker] o.s.t.c.support.AbstractContextLoader    : Could not detect default resource locations for test class [org.example.springboot.web.IndexControllerTest]: no resource found for suffixes {-context.xml, Context.groovy}.
2022-01-30 01:30:45.815  INFO 12052 --- [    Test worker] t.c.s.AnnotationConfigContextLoaderUtils : Could not detect default configuration classes for test class [org.example.springboot.web.IndexControllerTest]: IndexControllerTest does not declare any static, non-private, non-final, nested classes annotated with @Configuration.
2022-01-30 01:30:45.843  INFO 12052 --- [    Test worker] .b.t.c.SpringBootTestContextBootstrapper : Found @SpringBootConfiguration org.example.springboot.Application for test class org.example.springboot.web.IndexControllerTest
2022-01-30 01:30:45.847  INFO 12052 --- [    Test worker] .b.t.c.SpringBootTestContextBootstrapper : Loaded default TestExecutionListener class names from location [META-INF/spring.factories]: [org.springframework.security.test.context.support.WithSecurityContextTestExecutionListener, org.springframework.security.test.context.support.ReactorContextTestExecutionListener, org.springframework.boot.test.autoconfigure.restdocs.RestDocsTestExecutionListener, org.springframework.boot.test.autoconfigure.web.client.MockRestServiceServerResetTestExecutionListener, org.springframework.boot.test.autoconfigure.web.servlet.MockMvcPrintOnlyOnFailureTestExecutionListener, org.springframework.boot.test.autoconfigure.web.servlet.WebDriverTestExecutionListener, org.springframework.boot.test.autoconfigure.webservices.client.MockWebServiceServerTestExecutionListener, org.springframework.boot.test.mock.mockito.MockitoTestExecutionListener, org.springframework.boot.test.mock.mockito.ResetMocksTestExecutionListener, org.springframework.test.context.web.ServletTestExecutionListener, org.springframework.test.context.support.DirtiesContextBeforeModesTestExecutionListener, org.springframework.test.context.event.ApplicationEventsTestExecutionListener, org.springframework.test.context.support.DependencyInjectionTestExecutionListener, org.springframework.test.context.support.DirtiesContextTestExecutionListener, org.springframework.test.context.transaction.TransactionalTestExecutionListener, org.springframework.test.context.jdbc.SqlScriptsTestExecutionListener, org.springframework.test.context.event.EventPublishingTestExecutionListener]
2022-01-30 01:30:45.849  INFO 12052 --- [    Test worker] .b.t.c.SpringBootTestContextBootstrapper : Using TestExecutionListeners: [org.springframework.test.context.web.ServletTestExecutionListener@a7d47fa, org.springframework.test.context.support.DirtiesContextBeforeModesTestExecutionListener@7a98356f, org.springframework.test.context.event.ApplicationEventsTestExecutionListener@5d8a41e, org.springframework.boot.test.mock.mockito.MockitoTestExecutionListener@41a63af1, org.springframework.boot.test.autoconfigure.SpringBootDependencyInjectionTestExecutionListener@2104f7a8, org.springframework.test.context.support.DirtiesContextTestExecutionListener@1a8c8daa, org.springframework.test.context.transaction.TransactionalTestExecutionListener@5ab432b1, org.springframework.test.context.jdbc.SqlScriptsTestExecutionListener@2a35faa4, org.springframework.security.test.context.support.WithSecurityContextTestExecutionListener@2c8ae1fd, org.springframework.test.context.event.EventPublishingTestExecutionListener@5295c81b, org.springframework.security.test.context.support.ReactorContextTestExecutionListener@294f5942, org.springframework.boot.test.autoconfigure.restdocs.RestDocsTestExecutionListener@2caa7615, org.springframework.boot.test.autoconfigure.web.client.MockRestServiceServerResetTestExecutionListener@57d4ef74, org.springframework.boot.test.autoconfigure.web.servlet.MockMvcPrintOnlyOnFailureTestExecutionListener@2bfd2085, org.springframework.boot.test.autoconfigure.web.servlet.WebDriverTestExecutionListener@78abf9f1, org.springframework.boot.test.autoconfigure.webservices.client.MockWebServiceServerTestExecutionListener@74e322f, org.springframework.boot.test.mock.mockito.ResetMocksTestExecutionListener@7711c2fd]

  .   ____          _            __ _ _
 /\\ / ___'_ __ _ _(_)_ __  __ _ \ \ \ \
( ( )\___ | '_ | '_| | '_ \/ _` | \ \ \ \
 \\/  ___)| |_)| | | | | || (_| |  ) ) ) )
  '  |____| .__|_| |_|_| |_\__, | / / / /
 =========|_|==============|___/=/_/_/_/
 :: Spring Boot ::                (v2.5.2)

2022-01-30 01:30:45.945  INFO 12052 --- [    Test worker] o.e.springboot.web.IndexControllerTest   : Starting IndexControllerTest using Java 10.0.2 on DESKTOP-NUDJFV1 with PID 12052 (started by OH in C:\Users\OH\IdeaProjects\webproject)
2022-01-30 01:30:45.946  INFO 12052 --- [    Test worker] o.e.springboot.web.IndexControllerTest   : No active profile set, falling back to default profiles: default
2022-01-30 01:30:46.560  INFO 12052 --- [    Test worker] .s.d.r.c.RepositoryConfigurationDelegate : Bootstrapping Spring Data JPA repositories in DEFAULT mode.
2022-01-30 01:30:46.644  INFO 12052 --- [    Test worker] .s.d.r.c.RepositoryConfigurationDelegate : Finished Spring Data repository scanning in 83 ms. Found 2 JPA repository interfaces.
2022-01-30 01:30:47.353  INFO 12052 --- [    Test worker] o.s.b.w.embedded.tomcat.TomcatWebServer  : Tomcat initialized with port(s): 0 (http)
2022-01-30 01:30:47.371  INFO 12052 --- [    Test worker] o.apache.catalina.core.StandardService   : Starting service [Tomcat]
2022-01-30 01:30:47.372  INFO 12052 --- [    Test worker] org.apache.catalina.core.StandardEngine  : Starting Servlet engine: [Apache Tomcat/9.0.48]
2022-01-30 01:30:47.678  INFO 12052 --- [    Test worker] o.a.c.c.C.[Tomcat].[localhost].[/]       : Initializing Spring embedded WebApplicationContext
2022-01-30 01:30:47.678  INFO 12052 --- [    Test worker] w.s.c.ServletWebServerApplicationContext : Root WebApplicationContext: initialization completed in 1726 ms
2022-01-30 01:30:47.735  INFO 12052 --- [    Test worker] com.zaxxer.hikari.HikariDataSource       : HikariPool-2 - Starting...
2022-01-30 01:30:47.737  INFO 12052 --- [    Test worker] com.zaxxer.hikari.HikariDataSource       : HikariPool-2 - Start completed.
2022-01-30 01:30:47.737  INFO 12052 --- [    Test worker] o.s.b.a.h2.H2ConsoleAutoConfiguration    : H2 console available at '/h2-console'. Database available at 'jdbc:h2:mem:testdb'
2022-01-30 01:30:48.105  INFO 12052 --- [    Test worker] o.hibernate.jpa.internal.util.LogHelper  : HHH000204: Processing PersistenceUnitInfo [name: default]
2022-01-30 01:30:48.134  INFO 12052 --- [    Test worker] org.hibernate.dialect.Dialect            : HHH000400: Using dialect: org.hibernate.dialect.MySQL57Dialect
Hibernate: drop table if exists posts
Hibernate: drop table if exists user
Hibernate: create table posts (id bigint not null auto_increment, created_date datetime(6), modified_date datetime(6), author varchar(255), content TEXT not null, title varchar(500) not null, primary key (id)) engine=InnoDB
Hibernate: create table user (id bigint not null auto_increment, created_date datetime(6), modified_date datetime(6), email varchar(255) not null, name varchar(255) not null, picture varchar(255), role varchar(255) not null, primary key (id)) engine=InnoDB
2022-01-30 01:30:48.243  INFO 12052 --- [    Test worker] o.h.e.t.j.p.i.JtaPlatformInitiator       : HHH000490: Using JtaPlatform implementation: [org.hibernate.engine.transaction.jta.platform.internal.NoJtaPlatform]
2022-01-30 01:30:48.244  INFO 12052 --- [    Test worker] j.LocalContainerEntityManagerFactoryBean : Initialized JPA EntityManagerFactory for persistence unit 'default'
2022-01-30 01:30:48.752  WARN 12052 --- [    Test worker] JpaBaseConfiguration$JpaWebConfiguration : spring.jpa.open-in-view is enabled by default. Therefore, database queries may be performed during view rendering. Explicitly configure spring.jpa.open-in-view to disable this warning
2022-01-30 01:30:49.229  INFO 12052 --- [    Test worker] o.s.s.web.DefaultSecurityFilterChain     : Will secure any request with [org.springframework.security.web.context.request.async.WebAsyncManagerIntegrationFilter@2d62cba7, org.springframework.security.web.context.SecurityContextPersistenceFilter@4d4761f9, org.springframework.security.web.header.HeaderWriterFilter@3be1a7d2, org.springframework.security.web.authentication.logout.LogoutFilter@695116eb, org.springframework.security.oauth2.client.web.OAuth2AuthorizationRequestRedirectFilter@53235ce9, org.springframework.security.oauth2.client.web.OAuth2LoginAuthenticationFilter@4ee744a8, org.springframework.security.web.authentication.ui.DefaultLoginPageGeneratingFilter@359b87cb, org.springframework.security.web.authentication.ui.DefaultLogoutPageGeneratingFilter@59ec18e8, org.springframework.security.web.savedrequest.RequestCacheAwareFilter@7e1a8897, org.springframework.security.web.servletapi.SecurityContextHolderAwareRequestFilter@48737fb1, org.springframework.security.web.authentication.AnonymousAuthenticationFilter@1061d328, org.springframework.security.web.session.SessionManagementFilter@52b5e410, org.springframework.security.web.access.ExceptionTranslationFilter@519c5e58, org.springframework.security.web.access.intercept.FilterSecurityInterceptor@32d8d44f]
2022-01-30 01:30:49.538  INFO 12052 --- [    Test worker] o.s.b.a.w.s.WelcomePageHandlerMapping    : Adding welcome page template: index
2022-01-30 01:30:49.971  INFO 12052 --- [    Test worker] o.s.b.w.embedded.tomcat.TomcatWebServer  : Tomcat started on port(s): 10836 (http) with context path ''
2022-01-30 01:30:49.974  INFO 12052 --- [    Test worker] s.a.ScheduledAnnotationBeanPostProcessor : No TaskScheduler/ScheduledExecutorService bean found for scheduled processing
2022-01-30 01:30:49.976  INFO 12052 --- [    Test worker] o.e.springboot.web.IndexControllerTest   : Started IndexControllerTest in 4.121 seconds (JVM running for 22.485)
2022-01-30 01:30:50.144  INFO 12052 --- [o-auto-1-exec-1] o.a.c.c.C.[Tomcat].[localhost].[/]       : Initializing Spring DispatcherServlet 'dispatcherServlet'
2022-01-30 01:30:50.145  INFO 12052 --- [o-auto-1-exec-1] o.s.web.servlet.DispatcherServlet        : Initializing Servlet 'dispatcherServlet'
2022-01-30 01:30:50.146  INFO 12052 --- [o-auto-1-exec-1] o.s.web.servlet.DispatcherServlet        : Completed initialization in 1 ms
Hibernate: select posts0_.id as id1_0_, posts0_.created_date as created_2_0_, posts0_.modified_date as modified3_0_, posts0_.author as author4_0_, posts0_.content as content5_0_, posts0_.title as title6_0_ from posts posts0_ order by posts0_.id DESC
]]></system-out>
  <system-err><![CDATA[]]></system-err>
</testsuite>
